<?xml version="1.0" encoding="UTF-8"?>
<!-- Generated by org.testng.reporters.JUnitReportReporter -->
<testsuite skipped="0" hostname="DEadmin-PC" name="testNG.GroupingExample" tests="8" failures="0" timestamp="2020-01-11T13:27:41 IST" time="0.051" errors="0">
  <testcase name="Apple2" time="0.004" classname="testNG.GroupingExample"/>
  <testcase name="Nokia1" time="0.004" classname="testNG.GroupingExample"/>
  <testcase name="OnePlus2" time="0.004" classname="testNG.GroupingExample"/>
  <testcase name="RedMi2" time="0.003" classname="testNG.GroupingExample"/>
  <testcase name="OnePlus1" time="0.004" classname="testNG.GroupingExample"/>
  <testcase name="Apple1" time="0.025" classname="testNG.GroupingExample"/>
  <testcase name="RedMi1" time="0.003" classname="testNG.GroupingExample"/>
  <testcase name="Nokia2" time="0.004" classname="testNG.GroupingExample"/>
</testsuite> <!-- testNG.GroupingExample -->
