<?xml version="1.0" encoding="UTF-8"?>
<!-- Generated by org.testng.reporters.JUnitReportReporter -->
<testsuite skipped="0" hostname="DEadmin-PC" name="testNG.DependencyTask" tests="3" failures="0" timestamp="2020-01-12T10:52:36 IST" time="0.021" errors="0">
  <testcase name="TestSiteAvailablity" time="0.016" classname="testNG.DependencyTask"/>
  <testcase name="AddToCart" time="0.002" classname="testNG.DependencyTask"/>
  <testcase name="Login" time="0.003" classname="testNG.DependencyTask"/>
</testsuite> <!-- testNG.DependencyTask -->
