<?xml version="1.0" encoding="UTF-8"?>
<!-- Generated by org.testng.reporters.JUnitReportReporter -->
<testsuite skipped="0" hostname="DEadmin-PC" name="testNG.SampleTestcase" tests="4" failures="0" timestamp="2020-01-11T12:18:52 IST" time="0.016" errors="0">
  <testcase name="fourthTestCase" time="0.004" classname="testNG.SampleTestcase"/>
  <testcase name="thirdTestCase" time="0.003" classname="testNG.SampleTestcase"/>
  <testcase name="secondTestCase" time="0.004" classname="testNG.SampleTestcase"/>
  <testcase name="firstTestCase" time="0.005" classname="testNG.SampleTestcase"/>
</testsuite> <!-- testNG.SampleTestcase -->
