<?xml version="1.0" encoding="UTF-8"?>
<!-- Generated by org.testng.reporters.JUnitReportReporter -->
<testsuite skipped="0" hostname="DEadmin-PC" name="testNG.DriveACar" tests="5" failures="0" timestamp="2020-01-11T12:18:52 IST" time="0.021" errors="0">
  <testcase name="StartCar" time="0.002" classname="testNG.DriveACar"/>
  <testcase name="PutFirstGear" time="0.005" classname="testNG.DriveACar"/>
  <testcase name="PutSecondGear" time="0.004" classname="testNG.DriveACar"/>
  <testcase name="PutThirdGear" time="0.006" classname="testNG.DriveACar"/>
  <testcase name="PutFourthGear" time="0.004" classname="testNG.DriveACar"/>
</testsuite> <!-- testNG.DriveACar -->
