<?xml version="1.0" encoding="UTF-8"?>
<!-- Generated by org.testng.reporters.JUnitReportReporter -->
<testsuite skipped="1" hostname="DEadmin-PC" name="testNG.SkipTestCase" tests="6" failures="0" timestamp="2020-01-11T12:18:52 IST" time="0.020" errors="0">
  <testcase name="StartCar" time="0.004" classname="testNG.SkipTestCase"/>
  <testcase name="PutFirstGear" time="0.005" classname="testNG.SkipTestCase"/>
  <testcase name="PutSecondGear" time="0.004" classname="testNG.SkipTestCase"/>
  <testcase name="PutThirdGear" time="0.004" classname="testNG.SkipTestCase"/>
  <testcase name="PutFourthGear" time="0.003" classname="testNG.SkipTestCase"/>
  <testcase name="StarMusic" classname="testNG.SkipTestCase">
    <skipped/>
  </testcase> <!-- StarMusic -->
</testsuite> <!-- testNG.SkipTestCase -->
