<?xml version="1.0" encoding="UTF-8"?>
<!-- Generated by org.testng.reporters.JUnitReportReporter -->
<testsuite skipped="0" hostname="DEadmin-PC" name="testNG.ParameterizationEx" tests="1" failures="0" timestamp="2020-01-11T13:28:52 IST" time="0.028" errors="0">
  <testcase name="EntertheName" time="0.028" classname="testNG.ParameterizationEx"/>
</testsuite> <!-- testNG.ParameterizationEx -->
