<?xml version="1.0" encoding="UTF-8"?>
<!-- Generated by org.testng.reporters.JUnitReportReporter -->
<testsuite skipped="0" hostname="DEadmin-PC" name="testNG.TestSuite" tests="3" failures="0" timestamp="2020-01-11T11:26:23 IST" time="19.485" errors="0">
  <testcase name="OpenGoogle" time="1.847" classname="testNG.TestSuite"/>
  <testcase name="OpenBing" time="1.033" classname="testNG.TestSuite"/>
  <testcase name="OpenYahoo" time="16.605" classname="testNG.TestSuite"/>
</testsuite> <!-- testNG.TestSuite -->
